Start testing: Jul 13 05:21 UTC
----------------------------------------------------------
1/57 Testing: old_test_json_array_manipulation
1/57 Test: old_test_json_array_manipulation
Command: "/home/runner/work/libjson/libjson/old_test_json_array_manipulation"
Directory: /home/runner/work/libjson/libjson
"old_test_json_array_manipulation" start time: Jul 13 05:21 UTC
Output:
----------------------------------------------------------
All array tests passed!
<end of output>
Test time =   0.00 sec
----------------------------------------------------------
Test Passed.
"old_test_json_array_manipulation" end time: Jul 13 05:21 UTC
"old_test_json_array_manipulation" time elapsed: 00:00:00
----------------------------------------------------------

2/57 Testing: old_test_json_object_manipulation
2/57 Test: old_test_json_object_manipulation
Command: "/home/runner/work/libjson/libjson/old_test_json_object_manipulation"
Directory: /home/runner/work/libjson/libjson
"old_test_json_object_manipulation" start time: Jul 13 05:21 UTC
Output:
----------------------------------------------------------
All object tests passed!
<end of output>
Test time =   0.00 sec
----------------------------------------------------------
Test Passed.
"old_test_json_object_manipulation" end time: Jul 13 05:21 UTC
"old_test_json_object_manipulation" time elapsed: 00:00:00
----------------------------------------------------------

3/57 Testing: old_test_json_string_escape
3/57 Test: old_test_json_string_escape
Command: "/home/runner/work/libjson/libjson/old_test_json_string_escape"
Directory: /home/runner/work/libjson/libjson
"old_test_json_string_escape" start time: Jul 13 05:21 UTC
Output:
----------------------------------------------------------
All object tests passed!
<end of output>
Test time =   0.00 sec
----------------------------------------------------------
Test Passed.
"old_test_json_string_escape" end time: Jul 13 05:21 UTC
"old_test_json_string_escape" time elapsed: 00:00:00
----------------------------------------------------------

4/57 Testing: test_json5_comments
4/57 Test: test_json5_comments
Command: "/home/runner/work/libjson/libjson/test_json5_comments"
Directory: /home/runner/work/libjson/libjson
"test_json5_comments" start time: Jul 13 05:21 UTC
Output:
----------------------------------------------------------
<end of output>
Test time =   0.00 sec
----------------------------------------------------------
Test Passed.
"test_json5_comments" end time: Jul 13 05:21 UTC
"test_json5_comments" time elapsed: 00:00:00
----------------------------------------------------------

5/57 Testing: test_json5_compatibility
5/57 Test: test_json5_compatibility
Command: "/home/runner/work/libjson/libjson/test_json5_compatibility"
Directory: /home/runner/work/libjson/libjson
"test_json5_compatibility" start time: Jul 13 05:21 UTC
Output:
----------------------------------------------------------
<end of output>
Test time =   0.00 sec
----------------------------------------------------------
Test Passed.
"test_json5_compatibility" end time: Jul 13 05:21 UTC
"test_json5_compatibility" time elapsed: 00:00:00
----------------------------------------------------------

6/57 Testing: test_json5_complex_identifiers
6/57 Test: test_json5_complex_identifiers
Command: "/home/runner/work/libjson/libjson/test_json5_complex_identifiers"
Directory: /home/runner/work/libjson/libjson
"test_json5_complex_identifiers" start time: Jul 13 05:21 UTC
Output:
----------------------------------------------------------
<end of output>
Test time =   0.00 sec
----------------------------------------------------------
Test Passed.
"test_json5_complex_identifiers" end time: Jul 13 05:21 UTC
"test_json5_complex_identifiers" time elapsed: 00:00:00
----------------------------------------------------------

7/57 Testing: test_json5_empty_input
7/57 Test: test_json5_empty_input
Command: "/home/runner/work/libjson/libjson/test_json5_empty_input"
Directory: /home/runner/work/libjson/libjson
"test_json5_empty_input" start time: Jul 13 05:21 UTC
Output:
----------------------------------------------------------
<end of output>
Test time =   0.00 sec
----------------------------------------------------------
Test Passed.
"test_json5_empty_input" end time: Jul 13 05:21 UTC
"test_json5_empty_input" time elapsed: 00:00:00
----------------------------------------------------------

8/57 Testing: test_json5_file
8/57 Test: test_json5_file
Command: "/home/runner/work/libjson/libjson/test_json5_file"
Directory: /home/runner/work/libjson/libjson
"test_json5_file" start time: Jul 13 05:21 UTC
Output:
----------------------------------------------------------
<end of output>
Test time =   0.00 sec
----------------------------------------------------------
Test Passed.
"test_json5_file" end time: Jul 13 05:21 UTC
"test_json5_file" time elapsed: 00:00:00
----------------------------------------------------------

9/57 Testing: test_json5_keywords
9/57 Test: test_json5_keywords
Command: "/home/runner/work/libjson/libjson/test_json5_keywords"
Directory: /home/runner/work/libjson/libjson
"test_json5_keywords" start time: Jul 13 05:21 UTC
Output:
----------------------------------------------------------
<end of output>
Test time =   0.00 sec
----------------------------------------------------------
Test Passed.
"test_json5_keywords" end time: Jul 13 05:21 UTC
"test_json5_keywords" time elapsed: 00:00:00
----------------------------------------------------------

10/57 Testing: test_json5_mixed_features
10/57 Test: test_json5_mixed_features
Command: "/home/runner/work/libjson/libjson/test_json5_mixed_features"
Directory: /home/runner/work/libjson/libjson
"test_json5_mixed_features" start time: Jul 13 05:21 UTC
Output:
----------------------------------------------------------
<end of output>
Test time =   0.00 sec
----------------------------------------------------------
Test Passed.
"test_json5_mixed_features" end time: Jul 13 05:21 UTC
"test_json5_mixed_features" time elapsed: 00:00:00
----------------------------------------------------------

11/57 Testing: test_json5_quote_mixing
11/57 Test: test_json5_quote_mixing
Command: "/home/runner/work/libjson/libjson/test_json5_quote_mixing"
Directory: /home/runner/work/libjson/libjson
"test_json5_quote_mixing" start time: Jul 13 05:21 UTC
Output:
----------------------------------------------------------
<end of output>
Test time =   0.00 sec
----------------------------------------------------------
Test Passed.
"test_json5_quote_mixing" end time: Jul 13 05:21 UTC
"test_json5_quote_mixing" time elapsed: 00:00:00
----------------------------------------------------------

12/57 Testing: test_json5_single_quotes
12/57 Test: test_json5_single_quotes
Command: "/home/runner/work/libjson/libjson/test_json5_single_quotes"
Directory: /home/runner/work/libjson/libjson
"test_json5_single_quotes" start time: Jul 13 05:21 UTC
Output:
----------------------------------------------------------
<end of output>
Test time =   0.00 sec
----------------------------------------------------------
Test Passed.
"test_json5_single_quotes" end time: Jul 13 05:21 UTC
"test_json5_single_quotes" time elapsed: 00:00:00
----------------------------------------------------------

13/57 Testing: test_json5_trailing_commas
13/57 Test: test_json5_trailing_commas
Command: "/home/runner/work/libjson/libjson/test_json5_trailing_commas"
Directory: /home/runner/work/libjson/libjson
"test_json5_trailing_commas" start time: Jul 13 05:21 UTC
Output:
----------------------------------------------------------
<end of output>
Test time =   0.00 sec
----------------------------------------------------------
Test Passed.
"test_json5_trailing_commas" end time: Jul 13 05:21 UTC
"test_json5_trailing_commas" time elapsed: 00:00:00
----------------------------------------------------------

14/57 Testing: test_json5_unquoted_keys
14/57 Test: test_json5_unquoted_keys
Command: "/home/runner/work/libjson/libjson/test_json5_unquoted_keys"
Directory: /home/runner/work/libjson/libjson
"test_json5_unquoted_keys" start time: Jul 13 05:21 UTC
Output:
----------------------------------------------------------
<end of output>
Test time =   0.00 sec
----------------------------------------------------------
Test Passed.
"test_json5_unquoted_keys" end time: Jul 13 05:21 UTC
"test_json5_unquoted_keys" time elapsed: 00:00:00
----------------------------------------------------------

15/57 Testing: test_json_array_elements
15/57 Test: test_json_array_elements
Command: "/home/runner/work/libjson/libjson/test_json_array_elements"
Directory: /home/runner/work/libjson/libjson
"test_json_array_elements" start time: Jul 13 05:21 UTC
Output:
----------------------------------------------------------
<end of output>
Test time =   0.00 sec
----------------------------------------------------------
Test Passed.
"test_json_array_elements" end time: Jul 13 05:21 UTC
"test_json_array_elements" time elapsed: 00:00:00
----------------------------------------------------------

16/57 Testing: test_json_array_empty
16/57 Test: test_json_array_empty
Command: "/home/runner/work/libjson/libjson/test_json_array_empty"
Directory: /home/runner/work/libjson/libjson
"test_json_array_empty" start time: Jul 13 05:21 UTC
Output:
----------------------------------------------------------
<end of output>
Test time =   0.00 sec
----------------------------------------------------------
Test Passed.
"test_json_array_empty" end time: Jul 13 05:21 UTC
"test_json_array_empty" time elapsed: 00:00:00
----------------------------------------------------------

17/57 Testing: test_json_array_push
17/57 Test: test_json_array_push
Command: "/home/runner/work/libjson/libjson/test_json_array_push"
Directory: /home/runner/work/libjson/libjson
"test_json_array_push" start time: Jul 13 05:21 UTC
Output:
----------------------------------------------------------
<end of output>
Test time =   0.00 sec
----------------------------------------------------------
Test Passed.
"test_json_array_push" end time: Jul 13 05:21 UTC
"test_json_array_push" time elapsed: 00:00:00
----------------------------------------------------------

18/57 Testing: test_json_copy_complex
18/57 Test: test_json_copy_complex
Command: "/home/runner/work/libjson/libjson/test_json_copy_complex"
Directory: /home/runner/work/libjson/libjson
"test_json_copy_complex" start time: Jul 13 05:21 UTC
Output:
----------------------------------------------------------
<end of output>
Test time =   0.00 sec
----------------------------------------------------------
Test Passed.
"test_json_copy_complex" end time: Jul 13 05:21 UTC
"test_json_copy_complex" time elapsed: 00:00:00
----------------------------------------------------------

19/57 Testing: test_json_copy_empty_array
19/57 Test: test_json_copy_empty_array
Command: "/home/runner/work/libjson/libjson/test_json_copy_empty_array"
Directory: /home/runner/work/libjson/libjson
"test_json_copy_empty_array" start time: Jul 13 05:21 UTC
Output:
----------------------------------------------------------
<end of output>
Test time =   0.00 sec
----------------------------------------------------------
Test Passed.
"test_json_copy_empty_array" end time: Jul 13 05:21 UTC
"test_json_copy_empty_array" time elapsed: 00:00:00
----------------------------------------------------------

20/57 Testing: test_json_copy_empty_object
20/57 Test: test_json_copy_empty_object
Command: "/home/runner/work/libjson/libjson/test_json_copy_empty_object"
Directory: /home/runner/work/libjson/libjson
"test_json_copy_empty_object" start time: Jul 13 05:21 UTC
Output:
----------------------------------------------------------
<end of output>
Test time =   0.00 sec
----------------------------------------------------------
Test Passed.
"test_json_copy_empty_object" end time: Jul 13 05:21 UTC
"test_json_copy_empty_object" time elapsed: 00:00:00
----------------------------------------------------------

21/57 Testing: test_json_copy_object
21/57 Test: test_json_copy_object
Command: "/home/runner/work/libjson/libjson/test_json_copy_object"
Directory: /home/runner/work/libjson/libjson
"test_json_copy_object" start time: Jul 13 05:21 UTC
Output:
----------------------------------------------------------
<end of output>
Test time =   0.00 sec
----------------------------------------------------------
Test Passed.
"test_json_copy_object" end time: Jul 13 05:21 UTC
"test_json_copy_object" time elapsed: 00:00:00
----------------------------------------------------------

22/57 Testing: test_json_default_errbuf_failure
22/57 Test: test_json_default_errbuf_failure
Command: "/home/runner/work/libjson/libjson/test_json_default_errbuf_failure"
Directory: /home/runner/work/libjson/libjson
"test_json_default_errbuf_failure" start time: Jul 13 05:21 UTC
Output:
----------------------------------------------------------
<end of output>
Test time =   0.00 sec
----------------------------------------------------------
Test Passed.
"test_json_default_errbuf_failure" end time: Jul 13 05:21 UTC
"test_json_default_errbuf_failure" time elapsed: 00:00:00
----------------------------------------------------------

23/57 Testing: test_json_default_errbuf_success
23/57 Test: test_json_default_errbuf_success
Command: "/home/runner/work/libjson/libjson/test_json_default_errbuf_success"
Directory: /home/runner/work/libjson/libjson
"test_json_default_errbuf_success" start time: Jul 13 05:21 UTC
Output:
----------------------------------------------------------
<end of output>
Test time =   0.00 sec
----------------------------------------------------------
Test Passed.
"test_json_default_errbuf_success" end time: Jul 13 05:21 UTC
"test_json_default_errbuf_success" time elapsed: 00:00:00
----------------------------------------------------------

24/57 Testing: test_json_false
24/57 Test: test_json_false
Command: "/home/runner/work/libjson/libjson/test_json_false"
Directory: /home/runner/work/libjson/libjson
"test_json_false" start time: Jul 13 05:21 UTC
Output:
----------------------------------------------------------
<end of output>
Test time =   0.00 sec
----------------------------------------------------------
Test Passed.
"test_json_false" end time: Jul 13 05:21 UTC
"test_json_false" time elapsed: 00:00:00
----------------------------------------------------------

25/57 Testing: test_json_null
25/57 Test: test_json_null
Command: "/home/runner/work/libjson/libjson/test_json_null"
Directory: /home/runner/work/libjson/libjson
"test_json_null" start time: Jul 13 05:21 UTC
Output:
----------------------------------------------------------
<end of output>
Test time =   0.00 sec
----------------------------------------------------------
Test Passed.
"test_json_null" end time: Jul 13 05:21 UTC
"test_json_null" time elapsed: 00:00:00
----------------------------------------------------------

26/57 Testing: test_json_number
26/57 Test: test_json_number
Command: "/home/runner/work/libjson/libjson/test_json_number"
Directory: /home/runner/work/libjson/libjson
"test_json_number" start time: Jul 13 05:21 UTC
Output:
----------------------------------------------------------
<end of output>
Test time =   0.00 sec
----------------------------------------------------------
Test Passed.
"test_json_number" end time: Jul 13 05:21 UTC
"test_json_number" time elapsed: 00:00:00
----------------------------------------------------------

27/57 Testing: test_json_number_boundary
27/57 Test: test_json_number_boundary
Command: "/home/runner/work/libjson/libjson/test_json_number_boundary"
Directory: /home/runner/work/libjson/libjson
"test_json_number_boundary" start time: Jul 13 05:21 UTC
Output:
----------------------------------------------------------
<end of output>
Test time =   0.00 sec
----------------------------------------------------------
Test Passed.
"test_json_number_boundary" end time: Jul 13 05:21 UTC
"test_json_number_boundary" time elapsed: 00:00:00
----------------------------------------------------------

28/57 Testing: test_json_object_empty
28/57 Test: test_json_object_empty
Command: "/home/runner/work/libjson/libjson/test_json_object_empty"
Directory: /home/runner/work/libjson/libjson
"test_json_object_empty" start time: Jul 13 05:21 UTC
Output:
----------------------------------------------------------
<end of output>
Test time =   0.00 sec
----------------------------------------------------------
Test Passed.
"test_json_object_empty" end time: Jul 13 05:21 UTC
"test_json_object_empty" time elapsed: 00:00:00
----------------------------------------------------------

29/57 Testing: test_json_object_remove
29/57 Test: test_json_object_remove
Command: "/home/runner/work/libjson/libjson/test_json_object_remove"
Directory: /home/runner/work/libjson/libjson
"test_json_object_remove" start time: Jul 13 05:21 UTC
Output:
----------------------------------------------------------
<end of output>
Test time =   0.00 sec
----------------------------------------------------------
Test Passed.
"test_json_object_remove" end time: Jul 13 05:21 UTC
"test_json_object_remove" time elapsed: 00:00:00
----------------------------------------------------------

30/57 Testing: test_json_read_invalid_array_token
30/57 Test: test_json_read_invalid_array_token
Command: "/home/runner/work/libjson/libjson/test_json_read_invalid_array_token"
Directory: /home/runner/work/libjson/libjson
"test_json_read_invalid_array_token" start time: Jul 13 05:21 UTC
Output:
----------------------------------------------------------
<end of output>
Test time =   0.00 sec
----------------------------------------------------------
Test Passed.
"test_json_read_invalid_array_token" end time: Jul 13 05:21 UTC
"test_json_read_invalid_array_token" time elapsed: 00:00:00
----------------------------------------------------------

31/57 Testing: test_json_read_invalid_null_token
31/57 Test: test_json_read_invalid_null_token
Command: "/home/runner/work/libjson/libjson/test_json_read_invalid_null_token"
Directory: /home/runner/work/libjson/libjson
"test_json_read_invalid_null_token" start time: Jul 13 05:21 UTC
Output:
----------------------------------------------------------
<end of output>
Test time =   0.00 sec
----------------------------------------------------------
Test Passed.
"test_json_read_invalid_null_token" end time: Jul 13 05:21 UTC
"test_json_read_invalid_null_token" time elapsed: 00:00:00
----------------------------------------------------------

32/57 Testing: test_json_read_invalid_number_token
32/57 Test: test_json_read_invalid_number_token
Command: "/home/runner/work/libjson/libjson/test_json_read_invalid_number_token"
Directory: /home/runner/work/libjson/libjson
"test_json_read_invalid_number_token" start time: Jul 13 05:21 UTC
Output:
----------------------------------------------------------
<end of output>
Test time =   0.00 sec
----------------------------------------------------------
Test Passed.
"test_json_read_invalid_number_token" end time: Jul 13 05:21 UTC
"test_json_read_invalid_number_token" time elapsed: 00:00:00
----------------------------------------------------------

33/57 Testing: test_json_read_invalid_object_token
33/57 Test: test_json_read_invalid_object_token
Command: "/home/runner/work/libjson/libjson/test_json_read_invalid_object_token"
Directory: /home/runner/work/libjson/libjson
"test_json_read_invalid_object_token" start time: Jul 13 05:21 UTC
Output:
----------------------------------------------------------
<end of output>
Test time =   0.00 sec
----------------------------------------------------------
Test Passed.
"test_json_read_invalid_object_token" end time: Jul 13 05:21 UTC
"test_json_read_invalid_object_token" time elapsed: 00:00:00
----------------------------------------------------------

34/57 Testing: test_json_read_invalid_string_token
34/57 Test: test_json_read_invalid_string_token
Command: "/home/runner/work/libjson/libjson/test_json_read_invalid_string_token"
Directory: /home/runner/work/libjson/libjson
"test_json_read_invalid_string_token" start time: Jul 13 05:21 UTC
Output:
----------------------------------------------------------
<end of output>
Test time =   0.00 sec
----------------------------------------------------------
Test Passed.
"test_json_read_invalid_string_token" end time: Jul 13 05:21 UTC
"test_json_read_invalid_string_token" time elapsed: 00:00:00
----------------------------------------------------------

35/57 Testing: test_json_read_multiple_invalid_tokens
35/57 Test: test_json_read_multiple_invalid_tokens
Command: "/home/runner/work/libjson/libjson/test_json_read_multiple_invalid_tokens"
Directory: /home/runner/work/libjson/libjson
"test_json_read_multiple_invalid_tokens" start time: Jul 13 05:21 UTC
Output:
----------------------------------------------------------
<end of output>
Test time =   0.00 sec
----------------------------------------------------------
Test Passed.
"test_json_read_multiple_invalid_tokens" end time: Jul 13 05:21 UTC
"test_json_read_multiple_invalid_tokens" time elapsed: 00:00:00
----------------------------------------------------------

36/57 Testing: test_json_read_success
36/57 Test: test_json_read_success
Command: "/home/runner/work/libjson/libjson/test_json_read_success"
Directory: /home/runner/work/libjson/libjson
"test_json_read_success" start time: Jul 13 05:21 UTC
Output:
----------------------------------------------------------
<end of output>
Test time =   0.00 sec
----------------------------------------------------------
Test Passed.
"test_json_read_success" end time: Jul 13 05:21 UTC
"test_json_read_success" time elapsed: 00:00:00
----------------------------------------------------------

37/57 Testing: test_json_string_creation
37/57 Test: test_json_string_creation
Command: "/home/runner/work/libjson/libjson/test_json_string_creation"
Directory: /home/runner/work/libjson/libjson
"test_json_string_creation" start time: Jul 13 05:21 UTC
Output:
----------------------------------------------------------
<end of output>
Test time =   0.00 sec
----------------------------------------------------------
Test Passed.
"test_json_string_creation" end time: Jul 13 05:21 UTC
"test_json_string_creation" time elapsed: 00:00:00
----------------------------------------------------------

38/57 Testing: test_json_true
38/57 Test: test_json_true
Command: "/home/runner/work/libjson/libjson/test_json_true"
Directory: /home/runner/work/libjson/libjson
"test_json_true" start time: Jul 13 05:21 UTC
Output:
----------------------------------------------------------
<end of output>
Test time =   0.00 sec
----------------------------------------------------------
Test Passed.
"test_json_true" end time: Jul 13 05:21 UTC
"test_json_true" time elapsed: 00:00:00
----------------------------------------------------------

39/57 Testing: test_json_type_checking
39/57 Test: test_json_type_checking
Command: "/home/runner/work/libjson/libjson/test_json_type_checking"
Directory: /home/runner/work/libjson/libjson
"test_json_type_checking" start time: Jul 13 05:21 UTC
Output:
----------------------------------------------------------
<end of output>
Test time =   0.00 sec
----------------------------------------------------------
Test Passed.
"test_json_type_checking" end time: Jul 13 05:21 UTC
"test_json_type_checking" time elapsed: 00:00:00
----------------------------------------------------------

40/57 Testing: test_json_write_read
40/57 Test: test_json_write_read
Command: "/home/runner/work/libjson/libjson/test_json_write_read"
Directory: /home/runner/work/libjson/libjson
"test_json_write_read" start time: Jul 13 05:21 UTC
Output:
----------------------------------------------------------
<end of output>
Test time =   0.00 sec
----------------------------------------------------------
Test Passed.
"test_json_write_read" end time: Jul 13 05:21 UTC
"test_json_write_read" time elapsed: 00:00:00
----------------------------------------------------------

41/57 Testing: test_yaml_arrays
41/57 Test: test_yaml_arrays
Command: "/home/runner/work/libjson/libjson/test_yaml_arrays"
Directory: /home/runner/work/libjson/libjson
"test_yaml_arrays" start time: Jul 13 05:21 UTC
Output:
----------------------------------------------------------
YAML array test passed!
<end of output>
Test time =   0.00 sec
----------------------------------------------------------
Test Passed.
"test_yaml_arrays" end time: Jul 13 05:21 UTC
"test_yaml_arrays" time elapsed: 00:00:00
----------------------------------------------------------

42/57 Testing: test_yaml_boolean
42/57 Test: test_yaml_boolean
Command: "/home/runner/work/libjson/libjson/test_yaml_boolean"
Directory: /home/runner/work/libjson/libjson
"test_yaml_boolean" start time: Jul 13 05:21 UTC
Output:
----------------------------------------------------------
YAML boolean test passed!
<end of output>
Test time =   0.00 sec
----------------------------------------------------------
Test Passed.
"test_yaml_boolean" end time: Jul 13 05:21 UTC
"test_yaml_boolean" time elapsed: 00:00:00
----------------------------------------------------------

43/57 Testing: test_yaml_booleans
43/57 Test: test_yaml_booleans
Command: "/home/runner/work/libjson/libjson/test_yaml_booleans"
Directory: /home/runner/work/libjson/libjson
"test_yaml_booleans" start time: Jul 13 05:21 UTC
Output:
----------------------------------------------------------
YAML booleans test passed!
<end of output>
Test time =   0.00 sec
----------------------------------------------------------
Test Passed.
"test_yaml_booleans" end time: Jul 13 05:21 UTC
"test_yaml_booleans" time elapsed: 00:00:00
----------------------------------------------------------

44/57 Testing: test_yaml_comments
44/57 Test: test_yaml_comments
Command: "/home/runner/work/libjson/libjson/test_yaml_comments"
Directory: /home/runner/work/libjson/libjson
"test_yaml_comments" start time: Jul 13 05:21 UTC
Output:
----------------------------------------------------------
YAML comments test passed!
<end of output>
Test time =   0.00 sec
----------------------------------------------------------
Test Passed.
"test_yaml_comments" end time: Jul 13 05:21 UTC
"test_yaml_comments" time elapsed: 00:00:00
----------------------------------------------------------

45/57 Testing: test_yaml_empty
45/57 Test: test_yaml_empty
Command: "/home/runner/work/libjson/libjson/test_yaml_empty"
Directory: /home/runner/work/libjson/libjson
"test_yaml_empty" start time: Jul 13 05:21 UTC
Output:
----------------------------------------------------------
YAML empty test passed!
<end of output>
Test time =   0.00 sec
----------------------------------------------------------
Test Passed.
"test_yaml_empty" end time: Jul 13 05:21 UTC
"test_yaml_empty" time elapsed: 00:00:00
----------------------------------------------------------

46/57 Testing: test_yaml_error_handling
46/57 Test: test_yaml_error_handling
Command: "/home/runner/work/libjson/libjson/test_yaml_error_handling"
Directory: /home/runner/work/libjson/libjson
"test_yaml_error_handling" start time: Jul 13 05:21 UTC
Output:
----------------------------------------------------------
YAML error handling test passed!
<end of output>
Test time =   0.00 sec
----------------------------------------------------------
Test Passed.
"test_yaml_error_handling" end time: Jul 13 05:21 UTC
"test_yaml_error_handling" time elapsed: 00:00:00
----------------------------------------------------------

47/57 Testing: test_yaml_mixed
47/57 Test: test_yaml_mixed
Command: "/home/runner/work/libjson/libjson/test_yaml_mixed"
Directory: /home/runner/work/libjson/libjson
"test_yaml_mixed" start time: Jul 13 05:21 UTC
Output:
----------------------------------------------------------
YAML mixed test passed!
<end of output>
Test time =   0.00 sec
----------------------------------------------------------
Test Passed.
"test_yaml_mixed" end time: Jul 13 05:21 UTC
"test_yaml_mixed" time elapsed: 00:00:00
----------------------------------------------------------

48/57 Testing: test_yaml_null
48/57 Test: test_yaml_null
Command: "/home/runner/work/libjson/libjson/test_yaml_null"
Directory: /home/runner/work/libjson/libjson
"test_yaml_null" start time: Jul 13 05:21 UTC
Output:
----------------------------------------------------------
YAML null test passed!
<end of output>
Test time =   0.00 sec
----------------------------------------------------------
Test Passed.
"test_yaml_null" end time: Jul 13 05:21 UTC
"test_yaml_null" time elapsed: 00:00:00
----------------------------------------------------------

49/57 Testing: test_yaml_number
49/57 Test: test_yaml_number
Command: "/home/runner/work/libjson/libjson/test_yaml_number"
Directory: /home/runner/work/libjson/libjson
"test_yaml_number" start time: Jul 13 05:21 UTC
Output:
----------------------------------------------------------
YAML number test passed!
<end of output>
Test time =   0.00 sec
----------------------------------------------------------
Test Passed.
"test_yaml_number" end time: Jul 13 05:21 UTC
"test_yaml_number" time elapsed: 00:00:00
----------------------------------------------------------

50/57 Testing: test_yaml_objects
50/57 Test: test_yaml_objects
Command: "/home/runner/work/libjson/libjson/test_yaml_objects"
Directory: /home/runner/work/libjson/libjson
"test_yaml_objects" start time: Jul 13 05:21 UTC
Output:
----------------------------------------------------------
YAML object test passed!
<end of output>
Test time =   0.00 sec
----------------------------------------------------------
Test Passed.
"test_yaml_objects" end time: Jul 13 05:21 UTC
"test_yaml_objects" time elapsed: 00:00:00
----------------------------------------------------------

51/57 Testing: test_yaml_roundtrip
51/57 Test: test_yaml_roundtrip
Command: "/home/runner/work/libjson/libjson/test_yaml_roundtrip"
Directory: /home/runner/work/libjson/libjson
"test_yaml_roundtrip" start time: Jul 13 05:21 UTC
Output:
----------------------------------------------------------
YAML round-trip test passed!
<end of output>
Test time =   0.00 sec
----------------------------------------------------------
Test Passed.
"test_yaml_roundtrip" end time: Jul 13 05:21 UTC
"test_yaml_roundtrip" time elapsed: 00:00:00
----------------------------------------------------------

52/57 Testing: test_yaml_string
52/57 Test: test_yaml_string
Command: "/home/runner/work/libjson/libjson/test_yaml_string"
Directory: /home/runner/work/libjson/libjson
"test_yaml_string" start time: Jul 13 05:21 UTC
Output:
----------------------------------------------------------
YAML string test passed!
<end of output>
Test time =   0.00 sec
----------------------------------------------------------
Test Passed.
"test_yaml_string" end time: Jul 13 05:21 UTC
"test_yaml_string" time elapsed: 00:00:00
----------------------------------------------------------

53/57 Testing: test_yaml_strings
53/57 Test: test_yaml_strings
Command: "/home/runner/work/libjson/libjson/test_yaml_strings"
Directory: /home/runner/work/libjson/libjson
"test_yaml_strings" start time: Jul 13 05:21 UTC
Output:
----------------------------------------------------------
YAML strings test passed!
<end of output>
Test time =   0.00 sec
----------------------------------------------------------
Test Passed.
"test_yaml_strings" end time: Jul 13 05:21 UTC
"test_yaml_strings" time elapsed: 00:00:00
----------------------------------------------------------

54/57 Testing: test_yaml_write_boolean
54/57 Test: test_yaml_write_boolean
Command: "/home/runner/work/libjson/libjson/test_yaml_write_boolean"
Directory: /home/runner/work/libjson/libjson
"test_yaml_write_boolean" start time: Jul 13 05:21 UTC
Output:
----------------------------------------------------------
YAML write boolean test passed!
<end of output>
Test time =   0.00 sec
----------------------------------------------------------
Test Passed.
"test_yaml_write_boolean" end time: Jul 13 05:21 UTC
"test_yaml_write_boolean" time elapsed: 00:00:00
----------------------------------------------------------

55/57 Testing: test_yaml_write_null
55/57 Test: test_yaml_write_null
Command: "/home/runner/work/libjson/libjson/test_yaml_write_null"
Directory: /home/runner/work/libjson/libjson
"test_yaml_write_null" start time: Jul 13 05:21 UTC
Output:
----------------------------------------------------------
YAML write null test passed!
<end of output>
Test time =   0.00 sec
----------------------------------------------------------
Test Passed.
"test_yaml_write_null" end time: Jul 13 05:21 UTC
"test_yaml_write_null" time elapsed: 00:00:00
----------------------------------------------------------

56/57 Testing: test_yaml_write_number
56/57 Test: test_yaml_write_number
Command: "/home/runner/work/libjson/libjson/test_yaml_write_number"
Directory: /home/runner/work/libjson/libjson
"test_yaml_write_number" start time: Jul 13 05:21 UTC
Output:
----------------------------------------------------------
YAML write number test passed!
<end of output>
Test time =   0.00 sec
----------------------------------------------------------
Test Passed.
"test_yaml_write_number" end time: Jul 13 05:21 UTC
"test_yaml_write_number" time elapsed: 00:00:00
----------------------------------------------------------

57/57 Testing: test_yaml_write_string
57/57 Test: test_yaml_write_string
Command: "/home/runner/work/libjson/libjson/test_yaml_write_string"
Directory: /home/runner/work/libjson/libjson
"test_yaml_write_string" start time: Jul 13 05:21 UTC
Output:
----------------------------------------------------------
YAML write string test passed!
<end of output>
Test time =   0.00 sec
----------------------------------------------------------
Test Passed.
"test_yaml_write_string" end time: Jul 13 05:21 UTC
"test_yaml_write_string" time elapsed: 00:00:00
----------------------------------------------------------

End testing: Jul 13 05:21 UTC
